Watching for file changes with StatReloader
E:\applications\app_python\rdue\backend\api_importation\importation_controller.py changed, reloading.
"POST /api-importation/importation/cadesa/ HTTP/1.1" 200 100
Watching for file changes with StatReloader
E:\applications\app_python\rdue\backend\api_importation\importation_controller.py changed, reloading.
"POST /api-importation/importation/cadesa/ HTTP/1.1" 200 100
Watching for file changes with StatReloader
E:\applications\app_python\rdue\backend\api_importation\importation_controller.py changed, reloading.
"POST /api-importation/importation/cadesa/ HTTP/1.1" 200 100
Watching for file changes with StatReloader
Watching for file changes with StatReloader
E:\applications\app_python\rdue\backend\api_importation\importation_controller.py changed, reloading.
"POST /api-importation/importation/cadesa/ HTTP/1.1" 200 100
Watching for file changes with StatReloader
"POST /api-importation/importation/cadesa/ HTTP/1.1" 200 100
Watching for file changes with StatReloader
"POST /api-importation/importation/cadesa/ HTTP/1.1" 200 100
"POST /api-importation/importation/cadesa/ HTTP/1.1" 200 100
E:\applications\app_python\rdue\backend\api_importation\cooperative_controller.py changed, reloading.
"POST /api-importation/importation/cadesa/ HTTP/1.1" 200 100
Watching for file changes with StatReloader
E:\applications\app_python\rdue\backend\api_importation\importation_controller.py changed, reloading.
Watching for file changes with StatReloader
E:\applications\app_python\rdue\backend\api_importation\importation_controller.py changed, reloading.
Watching for file changes with StatReloader
E:\applications\app_python\rdue\backend\api_importation\importation_controller.py changed, reloading.
- Broken pipe from ('127.0.0.1', 58522)
Watching for file changes with StatReloader
E:\applications\app_python\rdue\backend\api_importation\views.py changed, reloading.
Watching for file changes with StatReloader
Watching for file changes with StatReloader
Watching for file changes with StatReloader
E:\applications\app_python\rdue\backend\api_importation\cooperative_controller.py changed, reloading.
"POST /api-importation/importation/cadesa/ HTTP/1.1" 200 104
Watching for file changes with StatReloader
E:\applications\app_python\rdue\backend\api_importation\importation_controller.py changed, reloading.
Watching for file changes with StatReloader
E:\applications\app_python\rdue\backend\api_importation\cooperative_controller.py changed, reloading.
"POST /api-importation/importation/cadesa/ HTTP/1.1" 200 101
Watching for file changes with StatReloader
E:\applications\app_python\rdue\backend\api_importation\cooperative_controller.py changed, reloading.
- Broken pipe from ('127.0.0.1', 58720)
Watching for file changes with StatReloader
Watching for file changes with StatReloader
E:\applications\app_python\rdue\backend\api_importation\importation_controller.py changed, reloading.
Watching for file changes with StatReloader
E:\applications\app_python\rdue\backend\api_importation\cooperative_controller.py changed, reloading.
Watching for file changes with StatReloader
Watching for file changes with StatReloader
Watching for file changes with StatReloader
"POST /api-importation/importation/cadesa/ HTTP/1.1" 200 101
"GET /admin/mobiles_api/technicien/ HTTP/1.1" 200 19122
"GET /admin/jsi18n/ HTTP/1.1" 200 8985
"GET /admin/mobiles_api/technicien/1/change/ HTTP/1.1" 200 22170
"GET /admin/jsi18n/ HTTP/1.1" 200 8985
"POST /admin/mobiles_api/technicien/1/change/ HTTP/1.1" 302 0
"GET /admin/mobiles_api/technicien/ HTTP/1.1" 200 19351
"GET /admin/jsi18n/ HTTP/1.1" 200 8985
Watching for file changes with StatReloader
E:\applications\app_python\rdue\backend\api_importation\cooperative_controller.py changed, reloading.
"POST /api-importation/importation/cadesa/ HTTP/1.1" 200 101
Watching for file changes with StatReloader
"POST /api-importation/importation/cadesa/ HTTP/1.1" 200 101
Watching for file changes with StatReloader
Watching for file changes with StatReloader
Watching for file changes with StatReloader
E:\applications\app_python\rdue\backend\api_importation\cooperative_controller.py changed, reloading.
Watching for file changes with StatReloader
