Watching for file changes with StatReloader
E:\applications\app_python\rdue\backend\mobiles_api\controllers\arbre_existant_controller.py changed, reloading.
Watching for file changes with StatReloader
E:\applications\app_python\rdue\backend\mobiles_api\controllers\arbre_existant_controller.py changed, reloading.
Watching for file changes with StatReloader
E:\applications\app_python\rdue\backend\mobiles_api\controllers\arbre_existant_controller.py changed, reloading.
Watching for file changes with StatReloader
E:\applications\app_python\rdue\backend\mobiles_api\controllers\arbre_existant_controller.py changed, reloading.
Watching for file changes with StatReloader
"POST /api-mobile/parcelle/synchronisation/ HTTP/1.1" 200 93
E:\applications\app_python\rdue\backend\mobiles_api\controllers\arbre_existant_controller.py changed, reloading.
Watching for file changes with StatReloader
E:\applications\app_python\rdue\backend\mobiles_api\controllers\arbre_existant_controller.py changed, reloading.
Watching for file changes with StatReloader
"POST /api-mobile/parcelle/synchronisation/ HTTP/1.1" 200 93
E:\applications\app_python\rdue\backend\mobiles_api\controllers\arbre_existant_controller.py changed, reloading.
Watching for file changes with StatReloader
E:\applications\app_python\rdue\backend\mobiles_api\controllers\arbre_existant_controller.py changed, reloading.
Watching for file changes with StatReloader
"POST /api-mobile/parcelle/synchronisation/ HTTP/1.1" 200 93
E:\applications\app_python\rdue\backend\mobiles_api\controllers\arbre_existant_controller.py changed, reloading.
Watching for file changes with StatReloader
"POST /api-mobile/parcelle/synchronisation/ HTTP/1.1" 200 93
E:\applications\app_python\rdue\backend\mobiles_api\controllers\arbre_existant_controller.py changed, reloading.
Watching for file changes with StatReloader
"POST /api-mobile/parcelle/synchronisation/ HTTP/1.1" 200 93
E:\applications\app_python\rdue\backend\mobiles_api\controllers\arbre_existant_controller.py changed, reloading.
Watching for file changes with StatReloader
E:\applications\app_python\rdue\backend\mobiles_api\controllers\arbre_existant_controller.py changed, reloading.
Watching for file changes with StatReloader
"POST /api-mobile/parcelle/synchronisation/ HTTP/1.1" 200 93
E:\applications\app_python\rdue\backend\mobiles_api\controllers\arbre_existant_controller.py changed, reloading.
Watching for file changes with StatReloader
E:\applications\app_python\rdue\backend\mobiles_api\controllers\arbre_existant_controller.py changed, reloading.
Watching for file changes with StatReloader
"POST /api-mobile/parcelle/synchronisation/ HTTP/1.1" 200 93
E:\applications\app_python\rdue\backend\mobiles_api\controllers\arbre_existant_controller.py changed, reloading.
Watching for file changes with StatReloader
E:\applications\app_python\rdue\backend\mobiles_api\controllers\arbre_existant_controller.py changed, reloading.
Watching for file changes with StatReloader
E:\applications\app_python\rdue\backend\mobiles_api\controllers\arbre_existant_controller.py changed, reloading.
Watching for file changes with StatReloader
"POST /api-mobile/parcelle/synchronisation/ HTTP/1.1" 200 93
E:\applications\app_python\rdue\backend\mobiles_api\controllers\arbre_existant_controller.py changed, reloading.
Watching for file changes with StatReloader
"POST /api-mobile/parcelle/synchronisation/ HTTP/1.1" 200 93
E:\applications\app_python\rdue\backend\mobiles_api\views_classes\parcelle_view.py changed, reloading.
Watching for file changes with StatReloader
"POST /api-mobile/parcelle/synchronisation/ HTTP/1.1" 200 93
E:\applications\app_python\rdue\backend\mobiles_api\views_classes\parcelle_view.py changed, reloading.
Watching for file changes with StatReloader
"POST /api-mobile/parcelle/synchronisation/ HTTP/1.1" 200 93
E:\applications\app_python\rdue\backend\mobiles_api\views_classes\parcelle_view.py changed, reloading.
Watching for file changes with StatReloader
E:\applications\app_python\rdue\backend\mobiles_api\controllers\arbre_existant_controller.py changed, reloading.
Watching for file changes with StatReloader
E:\applications\app_python\rdue\backend\mobiles_api\views_classes\parcelle_view.py changed, reloading.
Watching for file changes with StatReloader
"POST /api-mobile/parcelle/synchronisation/ HTTP/1.1" 200 93
E:\applications\app_python\rdue\backend\mobiles_api\views_classes\parcelle_view.py changed, reloading.
Watching for file changes with StatReloader
"POST /api-mobile/parcelle/synchronisation/ HTTP/1.1" 200 108
E:\applications\app_python\rdue\backend\mobiles_api\views_classes\parcelle_view.py changed, reloading.
Watching for file changes with StatReloader
E:\applications\app_python\rdue\backend\mobiles_api\views_classes\parcelle_view.py changed, reloading.
Watching for file changes with StatReloader
"POST /api-mobile/parcelle/synchronisation/ HTTP/1.1" 200 93
E:\applications\app_python\rdue\backend\mobiles_api\controllers\parcelle_controller.py changed, reloading.
Watching for file changes with StatReloader
E:\applications\app_python\rdue\backend\mobiles_api\controllers\parcelle_controller.py changed, reloading.
Watching for file changes with StatReloader
"POST /api-mobile/parcelle/synchronisation/ HTTP/1.1" 200 93
E:\applications\app_python\rdue\backend\mobiles_api\controllers\parcelle_controller.py changed, reloading.
Watching for file changes with StatReloader
"POST /api-mobile/parcelle/synchronisation/ HTTP/1.1" 200 108
E:\applications\app_python\rdue\backend\mobiles_api\views_classes\parcelle_view.py changed, reloading.
Watching for file changes with StatReloader
"POST /api-mobile/parcelle/synchronisation/ HTTP/1.1" 200 149
E:\applications\app_python\rdue\backend\mobiles_api\models.py changed, reloading.
Watching for file changes with StatReloader
Watching for file changes with StatReloader
"POST /api-mobile/parcelle/synchronisation/ HTTP/1.1" 200 108
E:\applications\app_python\rdue\backend\mobiles_api\controllers\parcelle_controller.py changed, reloading.
Watching for file changes with StatReloader
E:\applications\app_python\rdue\backend\mobiles_api\controllers\parcelle_controller.py changed, reloading.
Watching for file changes with StatReloader
"POST /api-mobile/parcelle/synchronisation/ HTTP/1.1" 200 93
E:\applications\app_python\rdue\backend\mobiles_api\controllers\parcelle_controller.py changed, reloading.
Watching for file changes with StatReloader
E:\applications\app_python\rdue\backend\mobiles_api\controllers\parcelle_controller.py changed, reloading.
Watching for file changes with StatReloader
"POST /api-mobile/parcelle/synchronisation/ HTTP/1.1" 200 108
E:\applications\app_python\rdue\backend\mobiles_api\controllers\parcelle_controller.py changed, reloading.
Watching for file changes with StatReloader
"POST /api-mobile/parcelle/synchronisation/ HTTP/1.1" 200 85
"POST /api-mobile/parcelle/synchronisation/ HTTP/1.1" 200 108
Watching for file changes with StatReloader
Not Found: /
"GET / HTTP/1.1" 404 2754
Not Found: /favicon.ico
"GET /favicon.ico HTTP/1.1" 404 2805
"GET /admin/ HTTP/1.1" 302 0
"GET /admin/login/?next=/admin/ HTTP/1.1" 200 4233
"GET /static/admin/css/base.css HTTP/1.1" 304 0
"GET /static/admin/css/dark_mode.css HTTP/1.1" 304 0
"GET /static/admin/css/nav_sidebar.css HTTP/1.1" 304 0
"GET /static/admin/css/responsive.css HTTP/1.1" 304 0
"GET /static/admin/css/login.css HTTP/1.1" 200 958
"GET /static/admin/js/theme.js HTTP/1.1" 304 0
"GET /static/admin/js/nav_sidebar.js HTTP/1.1" 304 0
"POST /admin/login/?next=/admin/ HTTP/1.1" 302 0
"GET /admin/ HTTP/1.1" 200 34856
"GET /static/admin/css/dashboard.css HTTP/1.1" 304 0
"GET /static/admin/img/icon-addlink.svg HTTP/1.1" 304 0
"GET /static/admin/img/icon-changelink.svg HTTP/1.1" 304 0
"GET /static/admin/img/icon-deletelink.svg HTTP/1.1" 304 0
"GET /admin/myapi/producteur/ HTTP/1.1" 200 73653
"GET /static/admin/css/changelists.css HTTP/1.1" 304 0
"GET /static/admin/js/core.js HTTP/1.1" 304 0
"GET /static/admin/js/jquery.init.js HTTP/1.1" 304 0
"GET /static/admin/js/admin/RelatedObjectLookups.js HTTP/1.1" 304 0
"GET /static/admin/js/actions.js HTTP/1.1" 304 0
"GET /static/admin/js/vendor/jquery/jquery.js HTTP/1.1" 304 0
"GET /static/admin/js/prepopulate.js HTTP/1.1" 304 0
"GET /static/admin/js/urlify.js HTTP/1.1" 304 0
"GET /static/admin/js/vendor/xregexp/xregexp.js HTTP/1.1" 304 0
"GET /static/admin/img/search.svg HTTP/1.1" 200 458
"GET /admin/jsi18n/ HTTP/1.1" 200 8985
"GET /static/admin/js/filters.js HTTP/1.1" 304 0
"GET /static/admin/img/tooltag-add.svg HTTP/1.1" 304 0
"GET /static/admin/img/icon-viewlink.svg HTTP/1.1" 304 0
"GET /admin/myapi/producteur/GL181/change/ HTTP/1.1" 200 37277
"GET /static/admin/js/prepopulate_init.js HTTP/1.1" 304 0
"GET /static/admin/css/forms.css HTTP/1.1" 304 0
"GET /admin/jsi18n/ HTTP/1.1" 200 8985
"GET /static/admin/js/change_form.js HTTP/1.1" 304 0
"GET /static/admin/css/widgets.css HTTP/1.1" 304 0
"GET /admin/myapi/producteur/ HTTP/1.1" 200 73653
"GET /admin/enquete/typequestion/ HTTP/1.1" 200 28066
"GET /admin/jsi18n/ HTTP/1.1" 200 8985
"GET /admin/enquete/typequestion/add/ HTTP/1.1" 200 26171
"GET /admin/jsi18n/ HTTP/1.1" 200 8985
"POST /admin/enquete/typequestion/add/ HTTP/1.1" 302 0
"GET /admin/enquete/typequestion/add/ HTTP/1.1" 200 26470
"GET /admin/jsi18n/ HTTP/1.1" 200 8985
"GET /static/admin/img/icon-yes.svg HTTP/1.1" 304 0
"POST /admin/enquete/typequestion/add/ HTTP/1.1" 302 0
"GET /admin/enquete/typequestion/ HTTP/1.1" 200 28833
"GET /admin/jsi18n/ HTTP/1.1" 200 8985
"GET /admin/enquete/typequestion/4/change/ HTTP/1.1" 200 26398
"GET /admin/jsi18n/ HTTP/1.1" 200 8985
"POST /admin/enquete/typequestion/4/change/ HTTP/1.1" 302 0
"GET /admin/enquete/typequestion/ HTTP/1.1" 200 28857
"GET /admin/jsi18n/ HTTP/1.1" 200 8985
"GET /admin/enquete/enquete/ HTTP/1.1" 200 26924
"GET /admin/jsi18n/ HTTP/1.1" 200 8985
"GET /admin/enquete/enqueteur/ HTTP/1.1" 200 26697
"GET /admin/jsi18n/ HTTP/1.1" 200 8985
"GET /admin/enquete/enquete/ HTTP/1.1" 200 26924
"GET /admin/jsi18n/ HTTP/1.1" 200 8985
"GET /admin/enquete/enquete/1/change/ HTTP/1.1" 200 34329
"GET /admin/jsi18n/ HTTP/1.1" 200 8985
"GET /admin/enquete/typequestion/ HTTP/1.1" 200 28624
"GET /admin/jsi18n/ HTTP/1.1" 200 8985
"GET /admin/enquete/question/ HTTP/1.1" 200 30646
"GET /admin/jsi18n/ HTTP/1.1" 200 8985
"GET /admin/enquete/question/14/change/ HTTP/1.1" 200 31464
"GET /admin/jsi18n/ HTTP/1.1" 200 8985
E:\applications\app_python\rdue\backend\enquete\controllers.py changed, reloading.
Watching for file changes with StatReloader
Watching for file changes with StatReloader
Not Found: /
"GET / HTTP/1.1" 404 2754
Not Found: /favicon.ico
"GET /favicon.ico HTTP/1.1" 404 2805
"GET /admin/ HTTP/1.1" 200 34899
"GET /admin/enquete/enquete/ HTTP/1.1" 200 26924
"GET /admin/jsi18n/ HTTP/1.1" 200 8985
"GET /admin/enquete/question/ HTTP/1.1" 200 30646
"GET /admin/jsi18n/ HTTP/1.1" 200 8985
"POST /admin/enquete/question/ HTTP/1.1" 200 27501
"GET /static/admin/js/cancel.js HTTP/1.1" 304 0
"POST /admin/enquete/question/ HTTP/1.1" 302 0
"GET /admin/enquete/question/ HTTP/1.1" 200 25490
"GET /admin/jsi18n/ HTTP/1.1" 200 8985
"GET /admin/enquete/typequestion/ HTTP/1.1" 200 28624
"GET /admin/jsi18n/ HTTP/1.1" 200 8985
"GET /admin/enquete/typeenquete/ HTTP/1.1" 200 27071
"GET /admin/jsi18n/ HTTP/1.1" 200 8985
"GET /admin/enquete/reponse/ HTTP/1.1" 200 27300
"GET /admin/jsi18n/ HTTP/1.1" 200 8985
"POST /admin/enquete/reponse/ HTTP/1.1" 200 25738
"POST /admin/enquete/reponse/ HTTP/1.1" 302 0
"GET /admin/enquete/reponse/ HTTP/1.1" 200 25481
"GET /admin/jsi18n/ HTTP/1.1" 200 8985
"GET /admin/enquete/question/ HTTP/1.1" 200 25343
"GET /admin/jsi18n/ HTTP/1.1" 200 8985
"GET /admin/enquete/enqueteur/ HTTP/1.1" 200 26697
"GET /admin/jsi18n/ HTTP/1.1" 200 8985
"GET /admin/enquete/enquete/ HTTP/1.1" 200 26924
"GET /admin/jsi18n/ HTTP/1.1" 200 8985
Method Not Allowed: /api-mobile/question/insert_questions/
"GET /api-mobile/question/insert_questions/ HTTP/1.1" 405 49
"POST /api-mobile/question/insert_questions/ HTTP/1.1" 200 103
"GET /admin/enquete/enquete/ HTTP/1.1" 200 26924
"GET /admin/jsi18n/ HTTP/1.1" 200 8985
"POST /api-mobile/question/insert_questions/ HTTP/1.1" 200 90
"GET /admin/enquete/question/ HTTP/1.1" 200 32520
"GET /admin/jsi18n/ HTTP/1.1" 200 8985
"GET /admin/enquete/enquete/ HTTP/1.1" 200 26924
"GET /admin/jsi18n/ HTTP/1.1" 200 8985
"POST /api-mobile/question/insert_questions/ HTTP/1.1" 200 108
"GET /admin/enquete/question/ HTTP/1.1" 200 35219
"GET /admin/jsi18n/ HTTP/1.1" 200 8985
"POST /admin/enquete/question/ HTTP/1.1" 200 26697
"POST /admin/enquete/question/ HTTP/1.1" 302 0
"GET /admin/enquete/question/ HTTP/1.1" 200 32666
"GET /admin/jsi18n/ HTTP/1.1" 200 8985
"POST /api-mobile/question/insert_questions/ HTTP/1.1" 200 90
Watching for file changes with StatReloader
"POST /api-mobile/utilisateur/connexion/ HTTP/1.1" 200 163
"GET /api-mobile/cooperative/get_cooperative?technicien_tel=0767623025 HTTP/1.1" 301 0
"GET /api-mobile/cooperative/get_cooperative/?technicien_tel=0767623025 HTTP/1.1" 200 399
"GET /api-mobile/campagne/get_all_active_campagne_by_cooperative?id_cooperative=43 HTTP/1.1" 301 0
"GET /api-mobile/campagne/get_all_active_campagne_by_cooperative/?id_cooperative=43 HTTP/1.1" 200 313
"GET /api-mobile/culture/get_all_culture_by_cooperative?id_cooperative=43 HTTP/1.1" 301 0
"GET /api-mobile/culture/get_all_culture_by_cooperative/?id_cooperative=43 HTTP/1.1" 200 142
"GET /api-mobile/section/all_section_by_cooperative?id_cooperative=43 HTTP/1.1" 301 0
"GET /api-mobile/section/all_section_by_cooperative/?id_cooperative=43 HTTP/1.1" 200 485
"GET /api-mobile/acte_propriete/get_all_acte_propriete HTTP/1.1" 301 0
"GET /api-mobile/acte_propriete/get_all_acte_propriete/ HTTP/1.1" 200 258
"GET /api-mobile/espece/get_all_espece HTTP/1.1" 301 0
"GET /api-mobile/espece/get_all_espece/ HTTP/1.1" 200 10181
"GET /api-mobile/observation_mortalite/get_all_observation_mortalite HTTP/1.1" 301 0
"GET /api-mobile/observation_mortalite/get_all_observation_mortalite/ HTTP/1.1" 200 263
"GET /api-mobile/mode_acquisition/get_all_mode_acquisition HTTP/1.1" 301 0
"GET /api-mobile/mode_acquisition/get_all_mode_acquisition/ HTTP/1.1" 200 227
"GET /api-mobile/certification/get_all_certification HTTP/1.1" 301 0
"GET /api-mobile/certification/get_all_certification/ HTTP/1.1" 200 297
"GET /api-mobile/producteur/get_all_producteur_by_cooperative?id_cooperative=43 HTTP/1.1" 301 0
"GET /api-mobile/producteur/get_all_producteur_by_cooperative/?id_cooperative=43 HTTP/1.1" 200 148764
"GET /api-mobile/parcelle/get_all_parcelle_by_cooperative?id_cooperative=43 HTTP/1.1" 301 0
"GET /api-mobile/parcelle/get_all_parcelle_by_cooperative/?id_cooperative=43 HTTP/1.1" 200 197111
"GET /api-mobile/certificat/get_all_certificat HTTP/1.1" 301 0
"GET /api-mobile/certificat/get_all_certificat/ HTTP/1.1" 200 172
"GET /api-mobile/planting/get_all_planting_by_cooperative?id_cooperative=43 HTTP/1.1" 301 0
"GET /api-mobile/planting/get_all_planting_by_cooperative/?id_cooperative=43 HTTP/1.1" 200 104
"GET /api-mobile/detail_planting/get_all_details_plantings_by_cooperative?id_cooperative=43 HTTP/1.1" 301 0
"GET /api-mobile/detail_planting/get_all_details_plantings_by_cooperative/?id_cooperative=43 HTTP/1.1" 200 124
"GET /api-mobile/monitoring/get_all_monitoring_by_cooperative?id_cooperative=43 HTTP/1.1" 301 0
"GET /api-mobile/monitoring/get_all_monitoring_by_cooperative/?id_cooperative=43 HTTP/1.1" 200 106
"GET /api-mobile/detail_monitoring/get_all_details_monitorings_by_cooperative?id_cooperative=43 HTTP/1.1" 301 0
"GET /api-mobile/detail_monitoring/get_all_details_monitorings_by_cooperative/?id_cooperative=43 HTTP/1.1" 200 126
"GET /api-mobile/observation_monitoring/get_all_observation_monitoring_by_cooperative?id_cooperative=43 HTTP/1.1" 301 0
"GET /api-mobile/observation_monitoring/get_all_observation_monitoring_by_cooperative/?id_cooperative=43 HTTP/1.1" 200 98
"GET /api-mobile/enquete/get_types_enquete HTTP/1.1" 301 0
"GET /api-mobile/enquete/get_types_enquete/ HTTP/1.1" 200 299
"GET /api-mobile/enquete/get_enquetes?technicien_tel=0767623025 HTTP/1.1" 301 0
"GET /api-mobile/enquete/get_enquetes/?technicien_tel=0767623025 HTTP/1.1" 200 717
"GET /api-mobile/question/get_types_question HTTP/1.1" 301 0
"GET /api-mobile/question/get_types_question/ HTTP/1.1" 200 704
"GET /api-mobile/question/get_questions?technicien_tel=0767623025 HTTP/1.1" 301 0
"GET /api-mobile/question/get_questions/?technicien_tel=0767623025 HTTP/1.1" 200 18466
Watching for file changes with StatReloader
Watching for file changes with StatReloader
Watching for file changes with StatReloader
"POST /api-mobile/utilisateur/connexion/ HTTP/1.1" 200 163
"GET /api-mobile/cooperative/get_cooperative?technicien_tel=0767623025 HTTP/1.1" 301 0
"GET /api-mobile/cooperative/get_cooperative/?technicien_tel=0767623025 HTTP/1.1" 200 399
"GET /api-mobile/campagne/get_all_active_campagne_by_cooperative?id_cooperative=43 HTTP/1.1" 301 0
"GET /api-mobile/campagne/get_all_active_campagne_by_cooperative/?id_cooperative=43 HTTP/1.1" 200 313
"GET /api-mobile/culture/get_all_culture_by_cooperative?id_cooperative=43 HTTP/1.1" 301 0
"GET /api-mobile/culture/get_all_culture_by_cooperative/?id_cooperative=43 HTTP/1.1" 200 142
"GET /api-mobile/section/all_section_by_cooperative?id_cooperative=43 HTTP/1.1" 301 0
"GET /api-mobile/section/all_section_by_cooperative/?id_cooperative=43 HTTP/1.1" 200 485
"GET /api-mobile/acte_propriete/get_all_acte_propriete HTTP/1.1" 301 0
"GET /api-mobile/acte_propriete/get_all_acte_propriete/ HTTP/1.1" 200 258
"GET /api-mobile/espece/get_all_espece HTTP/1.1" 301 0
"GET /api-mobile/espece/get_all_espece/ HTTP/1.1" 200 10181
"GET /api-mobile/observation_mortalite/get_all_observation_mortalite HTTP/1.1" 301 0
"GET /api-mobile/observation_mortalite/get_all_observation_mortalite/ HTTP/1.1" 200 263
"GET /api-mobile/mode_acquisition/get_all_mode_acquisition HTTP/1.1" 301 0
"GET /api-mobile/mode_acquisition/get_all_mode_acquisition/ HTTP/1.1" 200 227
"GET /api-mobile/certification/get_all_certification HTTP/1.1" 301 0
"GET /api-mobile/certification/get_all_certification/ HTTP/1.1" 200 297
"GET /api-mobile/producteur/get_all_producteur_by_cooperative?id_cooperative=43 HTTP/1.1" 301 0
"GET /api-mobile/producteur/get_all_producteur_by_cooperative/?id_cooperative=43 HTTP/1.1" 200 148764
"GET /api-mobile/parcelle/get_all_parcelle_by_cooperative?id_cooperative=43 HTTP/1.1" 301 0
"GET /api-mobile/parcelle/get_all_parcelle_by_cooperative/?id_cooperative=43 HTTP/1.1" 200 197111
"GET /api-mobile/certificat/get_all_certificat HTTP/1.1" 301 0
"GET /api-mobile/certificat/get_all_certificat/ HTTP/1.1" 200 172
"GET /api-mobile/planting/get_all_planting_by_cooperative?id_cooperative=43 HTTP/1.1" 301 0
"GET /api-mobile/planting/get_all_planting_by_cooperative/?id_cooperative=43 HTTP/1.1" 200 104
"GET /api-mobile/detail_planting/get_all_details_plantings_by_cooperative?id_cooperative=43 HTTP/1.1" 301 0
"GET /api-mobile/detail_planting/get_all_details_plantings_by_cooperative/?id_cooperative=43 HTTP/1.1" 200 124
"GET /api-mobile/monitoring/get_all_monitoring_by_cooperative?id_cooperative=43 HTTP/1.1" 301 0
"GET /api-mobile/monitoring/get_all_monitoring_by_cooperative/?id_cooperative=43 HTTP/1.1" 200 106
"GET /api-mobile/detail_monitoring/get_all_details_monitorings_by_cooperative?id_cooperative=43 HTTP/1.1" 301 0
"GET /api-mobile/detail_monitoring/get_all_details_monitorings_by_cooperative/?id_cooperative=43 HTTP/1.1" 200 126
"GET /api-mobile/observation_monitoring/get_all_observation_monitoring_by_cooperative?id_cooperative=43 HTTP/1.1" 301 0
"GET /api-mobile/observation_monitoring/get_all_observation_monitoring_by_cooperative/?id_cooperative=43 HTTP/1.1" 200 98
"GET /api-mobile/enquete/get_types_enquete HTTP/1.1" 301 0
"GET /api-mobile/enquete/get_types_enquete/ HTTP/1.1" 200 299
"GET /api-mobile/enquete/get_enquetes?technicien_tel=0767623025 HTTP/1.1" 301 0
"GET /api-mobile/enquete/get_enquetes/?technicien_tel=0767623025 HTTP/1.1" 200 717
"GET /api-mobile/question/get_types_question HTTP/1.1" 301 0
"GET /api-mobile/question/get_types_question/ HTTP/1.1" 200 704
"GET /api-mobile/question/get_questions?technicien_tel=0767623025 HTTP/1.1" 301 0
"GET /api-mobile/question/get_questions/?technicien_tel=0767623025 HTTP/1.1" 200 18466
Watching for file changes with StatReloader
"POST /api-mobile/enquete/synchronisation/ HTTP/1.1" 200 105
"POST /api-mobile/enquete/synchronisation/ HTTP/1.1" 200 105
"POST /api-mobile/enquete/synchronisation/ HTTP/1.1" 200 105
Not Found: /
"GET / HTTP/1.1" 404 2757
Not Found: /favicon.ico
"GET /favicon.ico HTTP/1.1" 404 2808
"GET /admin HTTP/1.1" 301 0
"GET /admin/ HTTP/1.1" 302 0
"GET /admin/login/?next=/admin/ HTTP/1.1" 200 4256
"GET /static/admin/css/dark_mode.css HTTP/1.1" 200 2929
"GET /static/admin/css/login.css HTTP/1.1" 200 958
"GET /static/admin/css/nav_sidebar.css HTTP/1.1" 200 2694
"GET /static/admin/css/base.css HTTP/1.1" 200 21207
"GET /static/admin/css/responsive.css HTTP/1.1" 200 18533
"GET /static/admin/js/theme.js HTTP/1.1" 200 1943
"GET /static/admin/js/nav_sidebar.js HTTP/1.1" 200 3063
"POST /admin/login/?next=/admin/ HTTP/1.1" 302 0
"GET /admin/ HTTP/1.1" 200 34166
"GET /static/admin/css/dashboard.css HTTP/1.1" 200 441
"GET /static/admin/img/icon-addlink.svg HTTP/1.1" 200 331
"GET /static/admin/img/icon-changelink.svg HTTP/1.1" 200 380
"GET /static/admin/img/icon-deletelink.svg HTTP/1.1" 200 392
"GET /admin/enquete/reponse/ HTTP/1.1" 200 27024
"GET /static/admin/css/changelists.css HTTP/1.1" 200 6566
"GET /admin/jsi18n/ HTTP/1.1" 200 8621
"GET /static/admin/js/jquery.init.js HTTP/1.1" 200 347
"GET /static/admin/js/core.js HTTP/1.1" 200 5682
"GET /static/admin/js/admin/RelatedObjectLookups.js HTTP/1.1" 200 8943
"GET /static/admin/js/actions.js HTTP/1.1" 200 7872
"GET /static/admin/js/urlify.js HTTP/1.1" 200 7887
"GET /static/admin/js/prepopulate.js HTTP/1.1" 200 1531
"GET /static/admin/js/vendor/jquery/jquery.js HTTP/1.1" 200 292458
"GET /static/admin/js/filters.js HTTP/1.1" 200 978
"GET /static/admin/js/vendor/xregexp/xregexp.js HTTP/1.1" 200 232381
"GET /static/admin/img/tooltag-add.svg HTTP/1.1" 200 331
"GET /admin/enquete/reponse/14/change/ HTTP/1.1" 200 1136186
"GET /admin/jsi18n/ HTTP/1.1" 200 8621
"GET /static/admin/css/forms.css HTTP/1.1" 200 9047
"GET /static/admin/img/icon-viewlink.svg HTTP/1.1" 200 581
"GET /static/admin/js/prepopulate_init.js HTTP/1.1" 200 586
"GET /static/admin/css/widgets.css HTTP/1.1" 200 11900
"GET /static/admin/js/change_form.js HTTP/1.1" 200 606
"GET /admin/enquete/reponse/ HTTP/1.1" 200 27024
"GET /admin/enquete/reponse/13/change/ HTTP/1.1" 200 31285
"GET /admin/jsi18n/ HTTP/1.1" 200 8621
"GET /admin/enquete/reponse/ HTTP/1.1" 200 27024
"GET /admin/enquete/reponse/12/change/ HTTP/1.1" 200 31285
"GET /admin/jsi18n/ HTTP/1.1" 200 8621
Watching for file changes with StatReloader
Not Found: /
"GET / HTTP/1.1" 404 2757
Not Found: /favicon.ico
"GET /favicon.ico HTTP/1.1" 404 2808
"GET /admin HTTP/1.1" 301 0
"GET /admin/ HTTP/1.1" 302 0
"GET /admin/login/?next=/admin/ HTTP/1.1" 200 4256
"GET /static/admin/css/base.css HTTP/1.1" 200 21207
"GET /static/admin/css/login.css HTTP/1.1" 200 958
"GET /static/admin/css/nav_sidebar.css HTTP/1.1" 200 2694
"GET /static/admin/css/dark_mode.css HTTP/1.1" 200 2929
"GET /static/admin/css/responsive.css HTTP/1.1" 200 18533
"GET /static/admin/js/theme.js HTTP/1.1" 200 1943
"GET /static/admin/js/nav_sidebar.js HTTP/1.1" 200 3063
"POST /admin/login/?next=/admin/ HTTP/1.1" 302 0
"GET /admin/ HTTP/1.1" 200 34166
"GET /static/admin/css/dashboard.css HTTP/1.1" 200 441
"GET /static/admin/img/icon-deletelink.svg HTTP/1.1" 200 392
"GET /static/admin/img/icon-changelink.svg HTTP/1.1" 200 380
"GET /static/admin/img/icon-addlink.svg HTTP/1.1" 200 331
"GET /admin/enquete/question/ HTTP/1.1" 200 34643
"GET /static/admin/css/changelists.css HTTP/1.1" 200 6566
"GET /static/admin/js/jquery.init.js HTTP/1.1" 200 347
"GET /admin/jsi18n/ HTTP/1.1" 200 8621
"GET /static/admin/js/core.js HTTP/1.1" 200 5682
"GET /static/admin/js/admin/RelatedObjectLookups.js HTTP/1.1" 200 8943
"GET /static/admin/js/urlify.js HTTP/1.1" 200 7887
"GET /static/admin/js/actions.js HTTP/1.1" 200 7872
"GET /static/admin/js/prepopulate.js HTTP/1.1" 200 1531
"GET /static/admin/js/vendor/jquery/jquery.js HTTP/1.1" 200 292458
"GET /static/admin/js/filters.js HTTP/1.1" 200 978
"GET /static/admin/js/vendor/xregexp/xregexp.js HTTP/1.1" 200 232381
"GET /static/admin/img/tooltag-add.svg HTTP/1.1" 200 331
"GET /admin/enquete/question/47/change/ HTTP/1.1" 200 31405
"GET /admin/jsi18n/ HTTP/1.1" 200 8621
"GET /static/admin/css/forms.css HTTP/1.1" 200 9047
"GET /static/admin/img/icon-viewlink.svg HTTP/1.1" 200 581
"GET /static/admin/js/prepopulate_init.js HTTP/1.1" 200 586
"GET /static/admin/css/widgets.css HTTP/1.1" 200 11900
"GET /static/admin/js/change_form.js HTTP/1.1" 200 606
"POST /admin/enquete/question/47/change/ HTTP/1.1" 302 0
"GET /admin/enquete/question/ HTTP/1.1" 200 34871
"GET /admin/jsi18n/ HTTP/1.1" 200 8621
"GET /static/admin/img/icon-yes.svg HTTP/1.1" 200 436
"GET /admin/mobiles_api/technicien/ HTTP/1.1" 200 26606
"GET /admin/jsi18n/ HTTP/1.1" 200 8621
"GET /admin/mobiles_api/technicien/1/change/ HTTP/1.1" 200 29524
"GET /admin/jsi18n/ HTTP/1.1" 200 8621
"GET /admin/myapi/utilisateur/2/change/?_to_field=id HTTP/1.1" 200 59404
"GET /admin/jsi18n/ HTTP/1.1" 200 8621
"GET /static/admin/js/calendar.js HTTP/1.1" 200 8466
"GET /static/admin/js/admin/DateTimeShortcuts.js HTTP/1.1" 200 19319
"GET /static/admin/img/icon-clock.svg HTTP/1.1" 200 677
"GET /static/admin/img/icon-calendar.svg HTTP/1.1" 200 1086
"GET /admin/mobiles_api/technicien/1/change/ HTTP/1.1" 200 29524
"GET /admin/mobiles_api/technicien/ HTTP/1.1" 200 26606
"POST /api-mobile/utilisateur/connexion/ HTTP/1.1" 200 163
"GET /api-mobile/cooperative/get_cooperative?technicien_tel=0767623025 HTTP/1.1" 301 0
"GET /api-mobile/cooperative/get_cooperative/?technicien_tel=0767623025 HTTP/1.1" 200 399
"GET /api-mobile/campagne/get_all_active_campagne_by_cooperative?id_cooperative=43 HTTP/1.1" 301 0
"GET /api-mobile/campagne/get_all_active_campagne_by_cooperative/?id_cooperative=43 HTTP/1.1" 200 313
"GET /api-mobile/culture/get_all_culture_by_cooperative?id_cooperative=43 HTTP/1.1" 301 0
"GET /api-mobile/culture/get_all_culture_by_cooperative/?id_cooperative=43 HTTP/1.1" 200 142
"GET /api-mobile/section/all_section_by_cooperative?id_cooperative=43 HTTP/1.1" 301 0
"GET /api-mobile/section/all_section_by_cooperative/?id_cooperative=43 HTTP/1.1" 200 485
"GET /api-mobile/acte_propriete/get_all_acte_propriete HTTP/1.1" 301 0
"GET /api-mobile/acte_propriete/get_all_acte_propriete/ HTTP/1.1" 200 258
"GET /api-mobile/espece/get_all_espece HTTP/1.1" 301 0
"GET /api-mobile/espece/get_all_espece/ HTTP/1.1" 200 10181
"GET /api-mobile/observation_mortalite/get_all_observation_mortalite HTTP/1.1" 301 0
"GET /api-mobile/observation_mortalite/get_all_observation_mortalite/ HTTP/1.1" 200 263
"GET /api-mobile/mode_acquisition/get_all_mode_acquisition HTTP/1.1" 301 0
"GET /api-mobile/mode_acquisition/get_all_mode_acquisition/ HTTP/1.1" 200 227
"GET /api-mobile/certification/get_all_certification HTTP/1.1" 301 0
"GET /api-mobile/certification/get_all_certification/ HTTP/1.1" 200 297
"GET /api-mobile/producteur/get_all_producteur_by_cooperative?id_cooperative=43 HTTP/1.1" 301 0
"GET /api-mobile/producteur/get_all_producteur_by_cooperative/?id_cooperative=43 HTTP/1.1" 200 148764
"POST /api-mobile/utilisateur/connexion/ HTTP/1.1" 200 163
"GET /api-mobile/cooperative/get_cooperative?technicien_tel=0767623025 HTTP/1.1" 301 0
"GET /api-mobile/cooperative/get_cooperative/?technicien_tel=0767623025 HTTP/1.1" 200 399
"GET /api-mobile/campagne/get_all_active_campagne_by_cooperative?id_cooperative=43 HTTP/1.1" 301 0
"GET /api-mobile/campagne/get_all_active_campagne_by_cooperative/?id_cooperative=43 HTTP/1.1" 200 313
"GET /api-mobile/culture/get_all_culture_by_cooperative?id_cooperative=43 HTTP/1.1" 301 0
"GET /api-mobile/culture/get_all_culture_by_cooperative/?id_cooperative=43 HTTP/1.1" 200 142
"GET /api-mobile/section/all_section_by_cooperative?id_cooperative=43 HTTP/1.1" 301 0
"GET /api-mobile/section/all_section_by_cooperative/?id_cooperative=43 HTTP/1.1" 200 485
"GET /api-mobile/acte_propriete/get_all_acte_propriete HTTP/1.1" 301 0
"GET /api-mobile/acte_propriete/get_all_acte_propriete/ HTTP/1.1" 200 258
"GET /api-mobile/espece/get_all_espece HTTP/1.1" 301 0
"GET /api-mobile/espece/get_all_espece/ HTTP/1.1" 200 10181
"GET /api-mobile/observation_mortalite/get_all_observation_mortalite HTTP/1.1" 301 0
"GET /api-mobile/observation_mortalite/get_all_observation_mortalite/ HTTP/1.1" 200 263
"GET /api-mobile/mode_acquisition/get_all_mode_acquisition HTTP/1.1" 301 0
"GET /api-mobile/mode_acquisition/get_all_mode_acquisition/ HTTP/1.1" 200 227
"GET /api-mobile/certification/get_all_certification HTTP/1.1" 301 0
"GET /api-mobile/certification/get_all_certification/ HTTP/1.1" 200 297
"GET /api-mobile/producteur/get_all_producteur_by_cooperative?id_cooperative=43 HTTP/1.1" 301 0
"GET /api-mobile/producteur/get_all_producteur_by_cooperative/?id_cooperative=43 HTTP/1.1" 200 148764
"GET /api-mobile/parcelle/get_all_parcelle_by_cooperative?id_cooperative=43 HTTP/1.1" 301 0
"GET /api-mobile/parcelle/get_all_parcelle_by_cooperative/?id_cooperative=43 HTTP/1.1" 200 197111
"GET /api-mobile/certificat/get_all_certificat HTTP/1.1" 301 0
"GET /api-mobile/certificat/get_all_certificat/ HTTP/1.1" 200 172
"GET /api-mobile/planting/get_all_planting_by_cooperative?id_cooperative=43 HTTP/1.1" 301 0
"GET /api-mobile/planting/get_all_planting_by_cooperative/?id_cooperative=43 HTTP/1.1" 200 104
"GET /api-mobile/detail_planting/get_all_details_plantings_by_cooperative?id_cooperative=43 HTTP/1.1" 301 0
"GET /api-mobile/detail_planting/get_all_details_plantings_by_cooperative/?id_cooperative=43 HTTP/1.1" 200 124
"GET /api-mobile/monitoring/get_all_monitoring_by_cooperative?id_cooperative=43 HTTP/1.1" 301 0
"GET /api-mobile/monitoring/get_all_monitoring_by_cooperative/?id_cooperative=43 HTTP/1.1" 200 106
"GET /api-mobile/detail_monitoring/get_all_details_monitorings_by_cooperative?id_cooperative=43 HTTP/1.1" 301 0
"GET /api-mobile/detail_monitoring/get_all_details_monitorings_by_cooperative/?id_cooperative=43 HTTP/1.1" 200 126
"GET /api-mobile/observation_monitoring/get_all_observation_monitoring_by_cooperative?id_cooperative=43 HTTP/1.1" 301 0
"GET /api-mobile/observation_monitoring/get_all_observation_monitoring_by_cooperative/?id_cooperative=43 HTTP/1.1" 200 98
"GET /api-mobile/enquete/get_types_enquete HTTP/1.1" 301 0
"GET /api-mobile/enquete/get_types_enquete/ HTTP/1.1" 200 299
"GET /api-mobile/enquete/get_enquetes?technicien_tel=0767623025 HTTP/1.1" 301 0
"GET /api-mobile/enquete/get_enquetes/?technicien_tel=0767623025 HTTP/1.1" 200 717
"GET /api-mobile/question/get_types_question HTTP/1.1" 301 0
"GET /api-mobile/question/get_types_question/ HTTP/1.1" 200 704
"GET /api-mobile/question/get_questions?technicien_tel=0767623025 HTTP/1.1" 301 0
"GET /api-mobile/question/get_questions/?technicien_tel=0767623025 HTTP/1.1" 200 18464
"GET /admin/enquete/reponse/ HTTP/1.1" 200 27024
"GET /admin/jsi18n/ HTTP/1.1" 200 8621
"POST /admin/enquete/reponse/ HTTP/1.1" 200 25763
"GET /static/admin/js/cancel.js HTTP/1.1" 200 884
"POST /admin/enquete/reponse/ HTTP/1.1" 302 0
"GET /admin/enquete/reponse/ HTTP/1.1" 200 25504
"GET /admin/jsi18n/ HTTP/1.1" 200 8621
"GET /admin/enquete/typeenquete/ HTTP/1.1" 200 26855
"GET /admin/jsi18n/ HTTP/1.1" 200 8621
"GET /admin/enquete/typequestion/ HTTP/1.1" 200 28108
"GET /admin/jsi18n/ HTTP/1.1" 200 8621
"GET /admin/enquete/question/ HTTP/1.1" 200 34643
"GET /admin/jsi18n/ HTTP/1.1" 200 8621
"POST /api-mobile/enquete/synchronisation/ HTTP/1.1" 200 105
"GET /admin/enquete/reponse/ HTTP/1.1" 200 26567
"GET /admin/jsi18n/ HTTP/1.1" 200 8621
"GET /admin/enquete/reponse/15/change/ HTTP/1.1" 200 31095
"GET /admin/jsi18n/ HTTP/1.1" 200 8621
Watching for file changes with StatReloader
Watching for file changes with StatReloader
Watching for file changes with StatReloader
Watching for file changes with StatReloader
D:\applications\app_python\rdue\backend\myapi\models.py changed, reloading.
Watching for file changes with StatReloader
"POST /api-mobile/utilisateur/connexion/ HTTP/1.1" 200 163
"GET /api-mobile/cooperative/get_cooperative?technicien_tel=0767623025 HTTP/1.1" 301 0
"GET /api-mobile/cooperative/get_cooperative/?technicien_tel=0767623025 HTTP/1.1" 200 399
"GET /api-mobile/campagne/get_all_active_campagne_by_cooperative?id_cooperative=43 HTTP/1.1" 301 0
"GET /api-mobile/campagne/get_all_active_campagne_by_cooperative/?id_cooperative=43 HTTP/1.1" 200 313
"GET /api-mobile/culture/get_all_culture_by_cooperative?id_cooperative=43 HTTP/1.1" 301 0
"GET /api-mobile/culture/get_all_culture_by_cooperative/?id_cooperative=43 HTTP/1.1" 200 142
"GET /api-mobile/section/all_section_by_cooperative?id_cooperative=43 HTTP/1.1" 301 0
"GET /api-mobile/section/all_section_by_cooperative/?id_cooperative=43 HTTP/1.1" 200 485
"GET /api-mobile/acte_propriete/get_all_acte_propriete HTTP/1.1" 301 0
"GET /api-mobile/acte_propriete/get_all_acte_propriete/ HTTP/1.1" 200 258
"GET /api-mobile/espece/get_all_espece HTTP/1.1" 301 0
"GET /api-mobile/espece/get_all_espece/ HTTP/1.1" 200 10181
"GET /api-mobile/observation_mortalite/get_all_observation_mortalite HTTP/1.1" 301 0
"GET /api-mobile/observation_mortalite/get_all_observation_mortalite/ HTTP/1.1" 200 263
"GET /api-mobile/mode_acquisition/get_all_mode_acquisition HTTP/1.1" 301 0
"GET /api-mobile/mode_acquisition/get_all_mode_acquisition/ HTTP/1.1" 200 227
"GET /api-mobile/certification/get_all_certification HTTP/1.1" 301 0
"GET /api-mobile/certification/get_all_certification/ HTTP/1.1" 200 297
"GET /api-mobile/producteur/get_all_producteur_by_cooperative?id_cooperative=43 HTTP/1.1" 301 0
"GET /api-mobile/producteur/get_all_producteur_by_cooperative/?id_cooperative=43 HTTP/1.1" 200 148764
"GET /api-mobile/parcelle/get_all_parcelle_by_cooperative?id_cooperative=43 HTTP/1.1" 301 0
"GET /api-mobile/parcelle/get_all_parcelle_by_cooperative/?id_cooperative=43 HTTP/1.1" 200 197111
"GET /api-mobile/certificat/get_all_certificat HTTP/1.1" 301 0
"GET /api-mobile/certificat/get_all_certificat/ HTTP/1.1" 200 172
"GET /api-mobile/planting/get_all_planting_by_cooperative?id_cooperative=43 HTTP/1.1" 301 0
"GET /api-mobile/planting/get_all_planting_by_cooperative/?id_cooperative=43 HTTP/1.1" 200 104
"GET /api-mobile/detail_planting/get_all_details_plantings_by_cooperative?id_cooperative=43 HTTP/1.1" 301 0
"GET /api-mobile/detail_planting/get_all_details_plantings_by_cooperative/?id_cooperative=43 HTTP/1.1" 200 124
"GET /api-mobile/monitoring/get_all_monitoring_by_cooperative?id_cooperative=43 HTTP/1.1" 301 0
"GET /api-mobile/monitoring/get_all_monitoring_by_cooperative/?id_cooperative=43 HTTP/1.1" 200 106
"GET /api-mobile/detail_monitoring/get_all_details_monitorings_by_cooperative?id_cooperative=43 HTTP/1.1" 301 0
"GET /api-mobile/detail_monitoring/get_all_details_monitorings_by_cooperative/?id_cooperative=43 HTTP/1.1" 200 126
"GET /api-mobile/observation_monitoring/get_all_observation_monitoring_by_cooperative?id_cooperative=43 HTTP/1.1" 301 0
"GET /api-mobile/observation_monitoring/get_all_observation_monitoring_by_cooperative/?id_cooperative=43 HTTP/1.1" 200 98
"GET /api-mobile/enquete/get_types_enquete HTTP/1.1" 301 0
"GET /api-mobile/enquete/get_types_enquete/ HTTP/1.1" 200 299
"GET /api-mobile/enquete/get_enquetes?technicien_tel=0767623025 HTTP/1.1" 301 0
"GET /api-mobile/enquete/get_enquetes/?technicien_tel=0767623025 HTTP/1.1" 200 717
"GET /api-mobile/question/get_types_question HTTP/1.1" 301 0
"GET /api-mobile/question/get_types_question/ HTTP/1.1" 200 704
"GET /api-mobile/question/get_questions?technicien_tel=0767623025 HTTP/1.1" 301 0
"GET /api-mobile/question/get_questions/?technicien_tel=0767623025 HTTP/1.1" 200 18464
"POST /api-mobile/planting/synchronisation/ HTTP/1.1" 200 139
Watching for file changes with StatReloader
"POST /api-mobile/planting/synchronisation/ HTTP/1.1" 200 139
"POST /api-mobile/planting/synchronisation/ HTTP/1.1" 200 139
"POST /api-mobile/planting/synchronisation/ HTTP/1.1" 200 139
"POST /api-mobile/utilisateur/connexion/ HTTP/1.1" 200 163
"GET /api-mobile/cooperative/get_cooperative?technicien_tel=0767623025 HTTP/1.1" 301 0
"GET /api-mobile/cooperative/get_cooperative/?technicien_tel=0767623025 HTTP/1.1" 200 399
"GET /api-mobile/campagne/get_all_active_campagne_by_cooperative?id_cooperative=43 HTTP/1.1" 301 0
"GET /api-mobile/campagne/get_all_active_campagne_by_cooperative/?id_cooperative=43 HTTP/1.1" 200 313
"GET /api-mobile/culture/get_all_culture_by_cooperative?id_cooperative=43 HTTP/1.1" 301 0
"GET /api-mobile/culture/get_all_culture_by_cooperative/?id_cooperative=43 HTTP/1.1" 200 142
"GET /api-mobile/section/all_section_by_cooperative?id_cooperative=43 HTTP/1.1" 301 0
"GET /api-mobile/section/all_section_by_cooperative/?id_cooperative=43 HTTP/1.1" 200 485
"GET /api-mobile/acte_propriete/get_all_acte_propriete HTTP/1.1" 301 0
"GET /api-mobile/acte_propriete/get_all_acte_propriete/ HTTP/1.1" 200 258
"GET /api-mobile/espece/get_all_espece HTTP/1.1" 301 0
"GET /api-mobile/espece/get_all_espece/ HTTP/1.1" 200 10181
"GET /api-mobile/observation_mortalite/get_all_observation_mortalite HTTP/1.1" 301 0
"GET /api-mobile/observation_mortalite/get_all_observation_mortalite/ HTTP/1.1" 200 263
"GET /api-mobile/mode_acquisition/get_all_mode_acquisition HTTP/1.1" 301 0
"GET /api-mobile/mode_acquisition/get_all_mode_acquisition/ HTTP/1.1" 200 227
"GET /api-mobile/certification/get_all_certification HTTP/1.1" 301 0
"GET /api-mobile/certification/get_all_certification/ HTTP/1.1" 200 297
"GET /api-mobile/producteur/get_all_producteur_by_cooperative?id_cooperative=43 HTTP/1.1" 301 0
"GET /api-mobile/producteur/get_all_producteur_by_cooperative/?id_cooperative=43 HTTP/1.1" 200 148764
"GET /api-mobile/parcelle/get_all_parcelle_by_cooperative?id_cooperative=43 HTTP/1.1" 301 0
"GET /api-mobile/parcelle/get_all_parcelle_by_cooperative/?id_cooperative=43 HTTP/1.1" 200 197111
"GET /api-mobile/certificat/get_all_certificat HTTP/1.1" 301 0
"GET /api-mobile/certificat/get_all_certificat/ HTTP/1.1" 200 172
"GET /api-mobile/planting/get_all_planting_by_cooperative?id_cooperative=43 HTTP/1.1" 301 0
"GET /api-mobile/planting/get_all_planting_by_cooperative/?id_cooperative=43 HTTP/1.1" 200 1107
"GET /api-mobile/detail_planting/get_all_details_plantings_by_cooperative?id_cooperative=43 HTTP/1.1" 301 0
"GET /api-mobile/detail_planting/get_all_details_plantings_by_cooperative/?id_cooperative=43 HTTP/1.1" 200 995
"GET /api-mobile/monitoring/get_all_monitoring_by_cooperative?id_cooperative=43 HTTP/1.1" 301 0
"GET /api-mobile/monitoring/get_all_monitoring_by_cooperative/?id_cooperative=43 HTTP/1.1" 200 106
"GET /api-mobile/detail_monitoring/get_all_details_monitorings_by_cooperative?id_cooperative=43 HTTP/1.1" 301 0
"GET /api-mobile/detail_monitoring/get_all_details_monitorings_by_cooperative/?id_cooperative=43 HTTP/1.1" 200 126
"GET /api-mobile/observation_monitoring/get_all_observation_monitoring_by_cooperative?id_cooperative=43 HTTP/1.1" 301 0
"GET /api-mobile/observation_monitoring/get_all_observation_monitoring_by_cooperative/?id_cooperative=43 HTTP/1.1" 200 98
"GET /api-mobile/enquete/get_types_enquete HTTP/1.1" 301 0
"GET /api-mobile/enquete/get_types_enquete/ HTTP/1.1" 200 299
"GET /api-mobile/enquete/get_enquetes?technicien_tel=0767623025 HTTP/1.1" 301 0
"GET /api-mobile/enquete/get_enquetes/?technicien_tel=0767623025 HTTP/1.1" 200 717
"GET /api-mobile/question/get_types_question HTTP/1.1" 301 0
"GET /api-mobile/question/get_types_question/ HTTP/1.1" 200 704
"GET /api-mobile/question/get_questions?technicien_tel=0767623025 HTTP/1.1" 301 0
"GET /api-mobile/question/get_questions/?technicien_tel=0767623025 HTTP/1.1" 200 18464
D:\applications\app_python\rdue\backend\myapi\models.py changed, reloading.
Watching for file changes with StatReloader
D:\applications\app_python\rdue\backend\myapi\models.py changed, reloading.
Watching for file changes with StatReloader
D:\applications\app_python\rdue\backend\mobiles_api\controllers\planting_controller.py changed, reloading.
Watching for file changes with StatReloader
D:\applications\app_python\rdue\backend\myapi\models.py changed, reloading.
Watching for file changes with StatReloader
D:\applications\app_python\rdue\backend\mobiles_api\controllers\planting_controller.py changed, reloading.
Watching for file changes with StatReloader
D:\applications\app_python\rdue\backend\mobiles_api\controllers\planting_controller.py changed, reloading.
Watching for file changes with StatReloader
Watching for file changes with StatReloader
"POST /api-mobile/planting/synchronisation/ HTTP/1.1" 200 139
Not Found: /
"GET / HTTP/1.1" 404 2757
Not Found: /favicon.ico
"GET /favicon.ico HTTP/1.1" 404 2808
"GET /admin HTTP/1.1" 301 0
"GET /admin/ HTTP/1.1" 302 0
"GET /admin/login/?next=/admin/ HTTP/1.1" 200 4256
"GET /static/admin/css/base.css HTTP/1.1" 200 21207
"GET /static/admin/css/login.css HTTP/1.1" 200 958
"GET /static/admin/css/nav_sidebar.css HTTP/1.1" 200 2694
"GET /static/admin/css/dark_mode.css HTTP/1.1" 200 2929
"GET /static/admin/css/responsive.css HTTP/1.1" 200 18533
"GET /static/admin/js/theme.js HTTP/1.1" 200 1943
"GET /static/admin/js/nav_sidebar.js HTTP/1.1" 200 3063
"POST /admin/login/?next=/admin/ HTTP/1.1" 302 0
"GET /admin/ HTTP/1.1" 200 34193
"GET /static/admin/css/dashboard.css HTTP/1.1" 200 441
"GET /static/admin/img/icon-deletelink.svg HTTP/1.1" 200 392
"GET /static/admin/img/icon-changelink.svg HTTP/1.1" 200 380
"GET /static/admin/img/icon-addlink.svg HTTP/1.1" 200 331
"GET /admin/myapi/parcelle/ HTTP/1.1" 200 83733
"GET /static/admin/css/changelists.css HTTP/1.1" 200 6566
"GET /admin/jsi18n/ HTTP/1.1" 200 8621
"GET /static/admin/js/jquery.init.js HTTP/1.1" 200 347
"GET /static/admin/js/core.js HTTP/1.1" 200 5682
"GET /static/admin/js/admin/RelatedObjectLookups.js HTTP/1.1" 200 8943
"GET /static/admin/js/prepopulate.js HTTP/1.1" 200 1531
"GET /static/admin/js/urlify.js HTTP/1.1" 200 7887
"GET /static/admin/js/actions.js HTTP/1.1" 200 7872
"GET /static/admin/img/search.svg HTTP/1.1" 200 458
"GET /static/admin/img/icon-no.svg HTTP/1.1" 200 560
"GET /static/admin/js/vendor/jquery/jquery.js HTTP/1.1" 200 292458
"GET /static/admin/js/filters.js HTTP/1.1" 200 978
"GET /static/admin/js/vendor/xregexp/xregexp.js HTTP/1.1" 200 232381
"GET /static/admin/img/tooltag-add.svg HTTP/1.1" 200 331
"GET /admin/myapi/planting/ HTTP/1.1" 200 54285
"GET /admin/jsi18n/ HTTP/1.1" 200 8621
"GET /admin/myapi/planting/PLG-47FED4E1E3/change/ HTTP/1.1" 200 141855
"GET /admin/jsi18n/ HTTP/1.1" 200 8621
"GET /static/admin/img/icon-viewlink.svg HTTP/1.1" 200 581
"GET /static/admin/css/forms.css HTTP/1.1" 200 9047
"GET /static/admin/js/prepopulate_init.js HTTP/1.1" 200 586
"GET /static/admin/js/calendar.js HTTP/1.1" 200 8466
"GET /static/admin/js/admin/DateTimeShortcuts.js HTTP/1.1" 200 19319
"GET /static/admin/css/widgets.css HTTP/1.1" 200 11900
"GET /static/admin/js/change_form.js HTTP/1.1" 200 606
"GET /static/admin/img/icon-calendar.svg HTTP/1.1" 200 1086
"POST /api-mobile/utilisateur/connexion/ HTTP/1.1" 200 163
"GET /api-mobile/cooperative/get_cooperative?technicien_tel=0767623025 HTTP/1.1" 301 0
"GET /api-mobile/cooperative/get_cooperative/?technicien_tel=0767623025 HTTP/1.1" 200 399
"GET /api-mobile/campagne/get_all_active_campagne_by_cooperative?id_cooperative=43 HTTP/1.1" 301 0
"GET /api-mobile/campagne/get_all_active_campagne_by_cooperative/?id_cooperative=43 HTTP/1.1" 200 313
"GET /api-mobile/culture/get_all_culture_by_cooperative?id_cooperative=43 HTTP/1.1" 301 0
"GET /api-mobile/culture/get_all_culture_by_cooperative/?id_cooperative=43 HTTP/1.1" 200 142
"GET /api-mobile/section/all_section_by_cooperative?id_cooperative=43 HTTP/1.1" 301 0
"GET /api-mobile/section/all_section_by_cooperative/?id_cooperative=43 HTTP/1.1" 200 485
"GET /api-mobile/acte_propriete/get_all_acte_propriete HTTP/1.1" 301 0
"GET /api-mobile/acte_propriete/get_all_acte_propriete/ HTTP/1.1" 200 258
"GET /api-mobile/espece/get_all_espece HTTP/1.1" 301 0
"GET /api-mobile/espece/get_all_espece/ HTTP/1.1" 200 10181
"GET /api-mobile/observation_mortalite/get_all_observation_mortalite HTTP/1.1" 301 0
"GET /api-mobile/observation_mortalite/get_all_observation_mortalite/ HTTP/1.1" 200 263
"GET /api-mobile/mode_acquisition/get_all_mode_acquisition HTTP/1.1" 301 0
"GET /api-mobile/mode_acquisition/get_all_mode_acquisition/ HTTP/1.1" 200 227
"GET /api-mobile/certification/get_all_certification HTTP/1.1" 301 0
"GET /api-mobile/certification/get_all_certification/ HTTP/1.1" 200 297
"GET /api-mobile/producteur/get_all_producteur_by_cooperative?id_cooperative=43 HTTP/1.1" 301 0
"GET /api-mobile/producteur/get_all_producteur_by_cooperative/?id_cooperative=43 HTTP/1.1" 200 148764
"GET /api-mobile/parcelle/get_all_parcelle_by_cooperative?id_cooperative=43 HTTP/1.1" 301 0
"GET /api-mobile/parcelle/get_all_parcelle_by_cooperative/?id_cooperative=43 HTTP/1.1" 200 197111
"GET /api-mobile/certificat/get_all_certificat HTTP/1.1" 301 0
"GET /api-mobile/certificat/get_all_certificat/ HTTP/1.1" 200 172
"GET /api-mobile/planting/get_all_planting_by_cooperative?id_cooperative=43 HTTP/1.1" 301 0
"GET /api-mobile/planting/get_all_planting_by_cooperative/?id_cooperative=43 HTTP/1.1" 200 1758
"GET /api-mobile/detail_planting/get_all_details_plantings_by_cooperative?id_cooperative=43 HTTP/1.1" 301 0
"GET /api-mobile/detail_planting/get_all_details_plantings_by_cooperative/?id_cooperative=43 HTTP/1.1" 200 1170
"GET /api-mobile/monitoring/get_all_monitoring_by_cooperative?id_cooperative=43 HTTP/1.1" 301 0
"GET /api-mobile/monitoring/get_all_monitoring_by_cooperative/?id_cooperative=43 HTTP/1.1" 200 106
"GET /api-mobile/detail_monitoring/get_all_details_monitorings_by_cooperative?id_cooperative=43 HTTP/1.1" 301 0
"GET /api-mobile/detail_monitoring/get_all_details_monitorings_by_cooperative/?id_cooperative=43 HTTP/1.1" 200 126
"GET /api-mobile/observation_monitoring/get_all_observation_monitoring_by_cooperative?id_cooperative=43 HTTP/1.1" 301 0
"GET /api-mobile/observation_monitoring/get_all_observation_monitoring_by_cooperative/?id_cooperative=43 HTTP/1.1" 200 98
"GET /api-mobile/enquete/get_types_enquete HTTP/1.1" 301 0
"GET /api-mobile/enquete/get_types_enquete/ HTTP/1.1" 200 299
"GET /api-mobile/enquete/get_enquetes?technicien_tel=0767623025 HTTP/1.1" 301 0
"GET /api-mobile/enquete/get_enquetes/?technicien_tel=0767623025 HTTP/1.1" 200 717
"GET /api-mobile/question/get_types_question HTTP/1.1" 301 0
"GET /api-mobile/question/get_types_question/ HTTP/1.1" 200 704
"GET /api-mobile/question/get_questions?technicien_tel=0767623025 HTTP/1.1" 301 0
"GET /api-mobile/question/get_questions/?technicien_tel=0767623025 HTTP/1.1" 200 18464
"POST /api-mobile/monitoring/synchronisation/ HTTP/1.1" 200 159
"GET /admin/myapi/monitoring/ HTTP/1.1" 200 27031
"GET /admin/jsi18n/ HTTP/1.1" 200 8621
"GET /admin/myapi/monitoring/MNT-9CF0250938/change/ HTTP/1.1" 200 84077
"GET /admin/jsi18n/ HTTP/1.1" 200 8621
D:\applications\app_python\rdue\backend\mobiles_api\controllers\monitoring_controller.py changed, reloading.
Watching for file changes with StatReloader
"POST /api-mobile/monitoring/synchronisation/ HTTP/1.1" 200 97
"POST /api-mobile/monitoring/synchronisation/ HTTP/1.1" 200 97
"POST /api-mobile/utilisateur/connexion/ HTTP/1.1" 200 163
"GET /api-mobile/cooperative/get_cooperative?technicien_tel=0767623025 HTTP/1.1" 301 0
"GET /api-mobile/cooperative/get_cooperative/?technicien_tel=0767623025 HTTP/1.1" 200 399
"GET /api-mobile/campagne/get_all_active_campagne_by_cooperative?id_cooperative=43 HTTP/1.1" 301 0
"GET /api-mobile/campagne/get_all_active_campagne_by_cooperative/?id_cooperative=43 HTTP/1.1" 200 313
"GET /api-mobile/culture/get_all_culture_by_cooperative?id_cooperative=43 HTTP/1.1" 301 0
"GET /api-mobile/culture/get_all_culture_by_cooperative/?id_cooperative=43 HTTP/1.1" 200 142
"GET /api-mobile/section/all_section_by_cooperative?id_cooperative=43 HTTP/1.1" 301 0
"GET /api-mobile/section/all_section_by_cooperative/?id_cooperative=43 HTTP/1.1" 200 485
"GET /api-mobile/acte_propriete/get_all_acte_propriete HTTP/1.1" 301 0
"GET /api-mobile/acte_propriete/get_all_acte_propriete/ HTTP/1.1" 200 258
"GET /api-mobile/espece/get_all_espece HTTP/1.1" 301 0
"GET /api-mobile/espece/get_all_espece/ HTTP/1.1" 200 10181
"GET /api-mobile/observation_mortalite/get_all_observation_mortalite HTTP/1.1" 301 0
"GET /api-mobile/observation_mortalite/get_all_observation_mortalite/ HTTP/1.1" 200 263
"GET /api-mobile/mode_acquisition/get_all_mode_acquisition HTTP/1.1" 301 0
"GET /api-mobile/mode_acquisition/get_all_mode_acquisition/ HTTP/1.1" 200 227
"GET /api-mobile/certification/get_all_certification HTTP/1.1" 301 0
"GET /api-mobile/certification/get_all_certification/ HTTP/1.1" 200 297
"GET /api-mobile/producteur/get_all_producteur_by_cooperative?id_cooperative=43 HTTP/1.1" 301 0
"GET /api-mobile/producteur/get_all_producteur_by_cooperative/?id_cooperative=43 HTTP/1.1" 200 148764
"GET /api-mobile/parcelle/get_all_parcelle_by_cooperative?id_cooperative=43 HTTP/1.1" 301 0
"GET /api-mobile/parcelle/get_all_parcelle_by_cooperative/?id_cooperative=43 HTTP/1.1" 200 197111
"GET /api-mobile/certificat/get_all_certificat HTTP/1.1" 301 0
"GET /api-mobile/certificat/get_all_certificat/ HTTP/1.1" 200 172
"GET /api-mobile/planting/get_all_planting_by_cooperative?id_cooperative=43 HTTP/1.1" 301 0
"GET /api-mobile/planting/get_all_planting_by_cooperative/?id_cooperative=43 HTTP/1.1" 200 1758
"GET /api-mobile/detail_planting/get_all_details_plantings_by_cooperative?id_cooperative=43 HTTP/1.1" 301 0
"GET /api-mobile/detail_planting/get_all_details_plantings_by_cooperative/?id_cooperative=43 HTTP/1.1" 200 1170
"GET /api-mobile/monitoring/get_all_monitoring_by_cooperative?id_cooperative=43 HTTP/1.1" 301 0
"GET /api-mobile/monitoring/get_all_monitoring_by_cooperative/?id_cooperative=43 HTTP/1.1" 200 397
"GET /api-mobile/detail_monitoring/get_all_details_monitorings_by_cooperative?id_cooperative=43 HTTP/1.1" 301 0
"GET /api-mobile/detail_monitoring/get_all_details_monitorings_by_cooperative/?id_cooperative=43 HTTP/1.1" 200 336
"GET /api-mobile/observation_monitoring/get_all_observation_monitoring_by_cooperative?id_cooperative=43 HTTP/1.1" 301 0
"GET /api-mobile/observation_monitoring/get_all_observation_monitoring_by_cooperative/?id_cooperative=43 HTTP/1.1" 200 98
"GET /api-mobile/enquete/get_types_enquete HTTP/1.1" 301 0
"GET /api-mobile/enquete/get_types_enquete/ HTTP/1.1" 200 299
"GET /api-mobile/enquete/get_enquetes?technicien_tel=0767623025 HTTP/1.1" 301 0
"GET /api-mobile/enquete/get_enquetes/?technicien_tel=0767623025 HTTP/1.1" 200 717
"GET /api-mobile/question/get_types_question HTTP/1.1" 301 0
"GET /api-mobile/question/get_types_question/ HTTP/1.1" 200 704
"GET /api-mobile/question/get_questions?technicien_tel=0767623025 HTTP/1.1" 301 0
"GET /api-mobile/question/get_questions/?technicien_tel=0767623025 HTTP/1.1" 200 18464
"POST /api-mobile/monitoring/synchronisation/ HTTP/1.1" 200 97
D:\applications\app_python\rdue\backend\mobiles_api\controllers\monitoring_controller.py changed, reloading.
Watching for file changes with StatReloader
"POST /api-mobile/monitoring/synchronisation/ HTTP/1.1" 200 159
"GET /admin/myapi/monitoring/ HTTP/1.1" 200 28003
"GET /admin/jsi18n/ HTTP/1.1" 200 8621
"GET /admin/myapi/monitoring/MNT-18035654F0/change/ HTTP/1.1" 200 84114
"GET /admin/jsi18n/ HTTP/1.1" 200 8621
